\BOOKMARK [1][-]{section.1}{Introduction}{}% 1
\BOOKMARK [1][-]{section.2}{Installation}{}% 2
\BOOKMARK [1][-]{section.3}{Implementation}{}% 3
\BOOKMARK [1][-]{section.4}{The python server module}{}% 4
\BOOKMARK [2][-]{subsection.4.1}{The broker class}{section.4}% 5
\BOOKMARK [2][-]{subsection.4.2}{The S classes}{section.4}% 6
\BOOKMARK [3][-]{subsubsection.4.2.1}{The SGMT class}{subsection.4.2}% 7
\BOOKMARK [4][-]{section*.2}{Start}{subsubsection.4.2.1}% 8
\BOOKMARK [4][-]{section*.3}{Update}{subsubsection.4.2.1}% 9
\BOOKMARK [4][-]{section*.4}{InitializeConditions}{subsubsection.4.2.1}% 10
\BOOKMARK [4][-]{section*.5}{Outputs}{subsubsection.4.2.1}% 11
\BOOKMARK [3][-]{subsubsection.4.2.2}{The SAtmosphere class}{subsection.4.2}% 12
\BOOKMARK [3][-]{subsubsection.4.2.3}{The SOpticalPath class}{subsection.4.2}% 13
\BOOKMARK [4][-]{section*.6}{Start}{subsubsection.4.2.3}% 14
\BOOKMARK [4][-]{section*.7}{Terminate}{subsubsection.4.2.3}% 15
\BOOKMARK [4][-]{section*.8}{Update}{subsubsection.4.2.3}% 16
\BOOKMARK [4][-]{section*.9}{Outputs}{subsubsection.4.2.3}% 17
\BOOKMARK [4][-]{section*.10}{InitializeConditions}{subsubsection.4.2.3}% 18
\BOOKMARK [2][-]{subsection.4.3}{The CalibrationMatrix class}{section.4}% 19
\BOOKMARK [2][-]{subsection.4.4}{The Sensor abstract class}{section.4}% 20
\BOOKMARK [1][-]{section.5}{DOS}{}% 21
\BOOKMARK [2][-]{subsection.5.1}{Simulation}{section.5}% 22
\BOOKMARK [3][-]{subsubsection.5.1.1}{Driver instanciation}{subsection.5.1}% 23
\BOOKMARK [3][-]{subsubsection.5.1.2}{IO linking}{subsection.5.1}% 24
\BOOKMARK [3][-]{subsubsection.5.1.3}{Device association}{subsection.5.1}% 25
\BOOKMARK [3][-]{subsubsection.5.1.4}{Simulation execution}{subsection.5.1}% 26
\BOOKMARK [2][-]{subsection.5.2}{DOS driver}{section.5}% 27
\BOOKMARK [3][-]{subsubsection.5.2.1}{Driver inputs/outputs}{subsection.5.2}% 28
\BOOKMARK [3][-]{subsubsection.5.2.2}{Server}{subsection.5.2}% 29
\BOOKMARK [3][-]{subsubsection.5.2.3}{Client}{subsection.5.2}% 30
\BOOKMARK [4][-]{section*.11}{System}{subsubsection.5.2.3}% 31
\BOOKMARK [3][-]{subsubsection.5.2.4}{Atmosphere}{subsection.5.2}% 32
\BOOKMARK [2][-]{subsection.5.3}{Logs}{section.5}% 33
\BOOKMARK [2][-]{subsection.5.4}{The broker}{section.5}% 34
\BOOKMARK [2][-]{subsection.5.5}{Timing diagram}{section.5}% 35
\BOOKMARK [2][-]{subsection.5.6}{Main}{section.5}% 36
\BOOKMARK [1][-]{section.6}{SIMCEO Service}{}% 37
\BOOKMARK [2][-]{subsection.6.1}{Script}{section.6}% 38
\BOOKMARK [2][-]{subsection.6.2}{Service}{section.6}% 39
\BOOKMARK [1][-]{section.7}{Index}{}% 40
\BOOKMARK [1][-]{section.8}{List of code chunks}{}% 41
